[0.625s] Invoking command in '/home/vboxuser/ros2_ws/build/my_robot_controller': PYTHONPATH=/home/vboxuser/ros2_ws/build/my_robot_controller/prefix_override:/home/vboxuser/.local/lib/python3.10/site-packages/colcon_core/task/python/colcon_distutils_commands:/home/vboxuser/ros2_ws/install/my_robot_controller/lib/python3.10/site-packages:${PYTHONPATH} /usr/bin/python3 -W ignore:setup.py install is deprecated setup.py develop --editable --build-directory /home/vboxuser/ros2_ws/build/my_robot_controller/build --no-deps symlink_data
[0.882s] running develop
[0.882s] /home/vboxuser/.local/lib/python3.10/site-packages/setuptools/command/develop.py:42: EasyInstallDeprecationWarning: easy_install command is deprecated.
[0.882s] !!
[0.882s] 
[0.883s]         ********************************************************************************
[0.883s]         Please avoid running ``setup.py`` and ``easy_install``.
[0.883s]         Instead, use pypa/build, pypa/installer or other
[0.883s]         standards-based tools.
[0.883s] 
[0.883s]         See https://github.com/pypa/setuptools/issues/917 for details.
[0.883s]         ********************************************************************************
[0.883s] 
[0.883s] !!
[0.883s]   easy_install.initialize_options(self)
[1.036s] running egg_info
[1.048s] writing my_robot_controller.egg-info/PKG-INFO
[1.048s] writing dependency_links to my_robot_controller.egg-info/dependency_links.txt
[1.049s] writing entry points to my_robot_controller.egg-info/entry_points.txt
[1.049s] writing requirements to my_robot_controller.egg-info/requires.txt
[1.049s] writing top-level names to my_robot_controller.egg-info/top_level.txt
[1.080s] reading manifest file 'my_robot_controller.egg-info/SOURCES.txt'
[1.081s] writing manifest file 'my_robot_controller.egg-info/SOURCES.txt'
[1.092s] running build_ext
[1.093s] Creating /home/vboxuser/ros2_ws/install/my_robot_controller/lib/python3.10/site-packages/my-robot-controller.egg-link (link to .)
[1.094s] Installing draw_circle script to /home/vboxuser/ros2_ws/install/my_robot_controller/lib/my_robot_controller
[1.094s] Installing pose_subscriber script to /home/vboxuser/ros2_ws/install/my_robot_controller/lib/my_robot_controller
[1.094s] Installing test_node script to /home/vboxuser/ros2_ws/install/my_robot_controller/lib/my_robot_controller
[1.094s] 
[1.094s] Installed /home/vboxuser/ros2_ws/build/my_robot_controller
[1.094s] running symlink_data
[1.117s] Invoked command in '/home/vboxuser/ros2_ws/build/my_robot_controller' returned '0': PYTHONPATH=/home/vboxuser/ros2_ws/build/my_robot_controller/prefix_override:/home/vboxuser/.local/lib/python3.10/site-packages/colcon_core/task/python/colcon_distutils_commands:/home/vboxuser/ros2_ws/install/my_robot_controller/lib/python3.10/site-packages:${PYTHONPATH} /usr/bin/python3 -W ignore:setup.py install is deprecated setup.py develop --editable --build-directory /home/vboxuser/ros2_ws/build/my_robot_controller/build --no-deps symlink_data
