[1.225s] Invoking command in '/home/vboxuser/ros2_ws/src/my_robot_controller': PYTHONPATH=/home/vboxuser/ros2_ws/build/my_robot_controller/prefix_override:/home/vboxuser/.local/lib/python3.10/site-packages/colcon_core/task/python/colcon_distutils_commands:/home/vboxuser/ros2_ws/install/my_robot_controller/lib/python3.10/site-packages:${PYTHONPATH} /usr/bin/python3 -W ignore:setup.py install is deprecated setup.py egg_info --egg-base ../../build/my_robot_controller build --build-base /home/vboxuser/ros2_ws/build/my_robot_controller/build install --record /home/vboxuser/ros2_ws/build/my_robot_controller/install.log --single-version-externally-managed install_data
[1.481s] running egg_info
[1.482s] creating ../../build/my_robot_controller/my_robot_controller.egg-info
[1.493s] writing ../../build/my_robot_controller/my_robot_controller.egg-info/PKG-INFO
[1.494s] writing dependency_links to ../../build/my_robot_controller/my_robot_controller.egg-info/dependency_links.txt
[1.495s] writing requirements to ../../build/my_robot_controller/my_robot_controller.egg-info/requires.txt
[1.495s] writing top-level names to ../../build/my_robot_controller/my_robot_controller.egg-info/top_level.txt
[1.495s] writing manifest file '../../build/my_robot_controller/my_robot_controller.egg-info/SOURCES.txt'
[1.520s] reading manifest file '../../build/my_robot_controller/my_robot_controller.egg-info/SOURCES.txt'
[1.530s] writing manifest file '../../build/my_robot_controller/my_robot_controller.egg-info/SOURCES.txt'
[1.530s] running build
[1.530s] running build_py
[1.530s] creating /home/vboxuser/ros2_ws/build/my_robot_controller/build
[1.530s] creating /home/vboxuser/ros2_ws/build/my_robot_controller/build/lib
[1.530s] creating /home/vboxuser/ros2_ws/build/my_robot_controller/build/lib/my_robot_controller
[1.530s] copying my_robot_controller/__init__.py -> /home/vboxuser/ros2_ws/build/my_robot_controller/build/lib/my_robot_controller
[1.530s] running install
[1.533s] running install_lib
[1.545s] creating /home/vboxuser/ros2_ws/install/my_robot_controller/lib/python3.10/site-packages/my_robot_controller
[1.545s] copying /home/vboxuser/ros2_ws/build/my_robot_controller/build/lib/my_robot_controller/__init__.py -> /home/vboxuser/ros2_ws/install/my_robot_controller/lib/python3.10/site-packages/my_robot_controller
[1.545s] byte-compiling /home/vboxuser/ros2_ws/install/my_robot_controller/lib/python3.10/site-packages/my_robot_controller/__init__.py to __init__.cpython-310.pyc
[1.546s] running install_data
[1.546s] creating /home/vboxuser/ros2_ws/install/my_robot_controller/share/ament_index
[1.546s] creating /home/vboxuser/ros2_ws/install/my_robot_controller/share/ament_index/resource_index
[1.546s] creating /home/vboxuser/ros2_ws/install/my_robot_controller/share/ament_index/resource_index/packages
[1.546s] copying resource/my_robot_controller -> /home/vboxuser/ros2_ws/install/my_robot_controller/share/ament_index/resource_index/packages
[1.547s] copying package.xml -> /home/vboxuser/ros2_ws/install/my_robot_controller/share/my_robot_controller
[1.547s] running install_egg_info
[1.566s] Copying ../../build/my_robot_controller/my_robot_controller.egg-info to /home/vboxuser/ros2_ws/install/my_robot_controller/lib/python3.10/site-packages/my_robot_controller-0.0.0-py3.10.egg-info
[1.566s] running install_scripts
[1.672s] writing list of installed files to '/home/vboxuser/ros2_ws/build/my_robot_controller/install.log'
[1.700s] Invoked command in '/home/vboxuser/ros2_ws/src/my_robot_controller' returned '0': PYTHONPATH=/home/vboxuser/ros2_ws/build/my_robot_controller/prefix_override:/home/vboxuser/.local/lib/python3.10/site-packages/colcon_core/task/python/colcon_distutils_commands:/home/vboxuser/ros2_ws/install/my_robot_controller/lib/python3.10/site-packages:${PYTHONPATH} /usr/bin/python3 -W ignore:setup.py install is deprecated setup.py egg_info --egg-base ../../build/my_robot_controller build --build-base /home/vboxuser/ros2_ws/build/my_robot_controller/build install --record /home/vboxuser/ros2_ws/build/my_robot_controller/install.log --single-version-externally-managed install_data
