[0.635s] Invoking command in '/home/vboxuser/ros2_ws/build/my_robot_controller': PYTHONPATH=/home/vboxuser/ros2_ws/build/my_robot_controller/prefix_override:/home/vboxuser/.local/lib/python3.10/site-packages/colcon_core/task/python/colcon_distutils_commands:/home/vboxuser/ros2_ws/install/my_robot_controller/lib/python3.10/site-packages:${PYTHONPATH} /usr/bin/python3 -W ignore:setup.py install is deprecated setup.py develop --editable --build-directory /home/vboxuser/ros2_ws/build/my_robot_controller/build --no-deps symlink_data --force
[0.876s] running develop
[0.882s] /home/vboxuser/.local/lib/python3.10/site-packages/setuptools/command/develop.py:42: EasyInstallDeprecationWarning: easy_install command is deprecated.
[0.882s] !!
[0.882s] 
[0.882s]         ********************************************************************************
[0.882s]         Please avoid running ``setup.py`` and ``easy_install``.
[0.882s]         Instead, use pypa/build, pypa/installer or other
[0.882s]         standards-based tools.
[0.882s] 
[0.882s]         See https://github.com/pypa/setuptools/issues/917 for details.
[0.882s]         ********************************************************************************
[0.882s] 
[0.882s] !!
[0.882s]   easy_install.initialize_options(self)
[1.040s] running egg_info
[1.050s] writing my_robot_controller.egg-info/PKG-INFO
[1.052s] writing dependency_links to my_robot_controller.egg-info/dependency_links.txt
[1.052s] writing entry points to my_robot_controller.egg-info/entry_points.txt
[1.052s] writing requirements to my_robot_controller.egg-info/requires.txt
[1.052s] writing top-level names to my_robot_controller.egg-info/top_level.txt
[1.087s] reading manifest file 'my_robot_controller.egg-info/SOURCES.txt'
[1.088s] writing manifest file 'my_robot_controller.egg-info/SOURCES.txt'
[1.101s] running build_ext
[1.101s] Creating /home/vboxuser/ros2_ws/install/my_robot_controller/lib/python3.10/site-packages/my-robot-controller.egg-link (link to .)
[1.102s] Installing test_node script to /home/vboxuser/ros2_ws/install/my_robot_controller/lib/my_robot_controller
[1.103s] 
[1.103s] Installed /home/vboxuser/ros2_ws/build/my_robot_controller
[1.103s] running symlink_data
[1.103s] symbolically linking /home/vboxuser/ros2_ws/build/my_robot_controller/resource/my_robot_controller -> /home/vboxuser/ros2_ws/install/my_robot_controller/share/ament_index/resource_index/packages
[1.103s] symbolically linking /home/vboxuser/ros2_ws/build/my_robot_controller/package.xml -> /home/vboxuser/ros2_ws/install/my_robot_controller/share/my_robot_controller
[1.130s] Invoked command in '/home/vboxuser/ros2_ws/build/my_robot_controller' returned '0': PYTHONPATH=/home/vboxuser/ros2_ws/build/my_robot_controller/prefix_override:/home/vboxuser/.local/lib/python3.10/site-packages/colcon_core/task/python/colcon_distutils_commands:/home/vboxuser/ros2_ws/install/my_robot_controller/lib/python3.10/site-packages:${PYTHONPATH} /usr/bin/python3 -W ignore:setup.py install is deprecated setup.py develop --editable --build-directory /home/vboxuser/ros2_ws/build/my_robot_controller/build --no-deps symlink_data --force
