[1.810s] Invoking command in '/home/vboxuser/ros2_ws/src/my_robot_controller': PYTHONPATH=/home/vboxuser/ros2_ws/build/my_robot_controller/prefix_override:/home/vboxuser/.local/lib/python3.10/site-packages/colcon_core/task/python/colcon_distutils_commands:/home/vboxuser/ros2_ws/install/my_robot_controller/lib/python3.10/site-packages:${PYTHONPATH} /usr/bin/python3 -W ignore:setup.py install is deprecated setup.py egg_info --egg-base ../../build/my_robot_controller build --build-base /home/vboxuser/ros2_ws/build/my_robot_controller/build install --record /home/vboxuser/ros2_ws/build/my_robot_controller/install.log --single-version-externally-managed install_data
[1.989s] running egg_info
[2.003s] writing ../../build/my_robot_controller/my_robot_controller.egg-info/PKG-INFO
[2.015s] writing dependency_links to ../../build/my_robot_controller/my_robot_controller.egg-info/dependency_links.txt
[2.015s] writing entry points to ../../build/my_robot_controller/my_robot_controller.egg-info/entry_points.txt
[2.016s] writing requirements to ../../build/my_robot_controller/my_robot_controller.egg-info/requires.txt
[2.016s] writing top-level names to ../../build/my_robot_controller/my_robot_controller.egg-info/top_level.txt
[2.039s] reading manifest file '../../build/my_robot_controller/my_robot_controller.egg-info/SOURCES.txt'
[2.047s] writing manifest file '../../build/my_robot_controller/my_robot_controller.egg-info/SOURCES.txt'
[2.047s] running build
[2.047s] running build_py
[2.051s] copying my_robot_controller/__init__.py -> /home/vboxuser/ros2_ws/build/my_robot_controller/build/lib/my_robot_controller
[2.051s] copying my_robot_controller/my_first_node.py -> /home/vboxuser/ros2_ws/build/my_robot_controller/build/lib/my_robot_controller
[2.051s] running install
[2.054s] running install_lib
[2.067s] copying /home/vboxuser/ros2_ws/build/my_robot_controller/build/lib/my_robot_controller/my_first_node.py -> /home/vboxuser/ros2_ws/install/my_robot_controller/lib/python3.10/site-packages/my_robot_controller
[2.069s] byte-compiling /home/vboxuser/ros2_ws/install/my_robot_controller/lib/python3.10/site-packages/my_robot_controller/my_first_node.py to my_first_node.cpython-310.pyc
[2.069s] running install_data
[2.069s] copying resource/my_robot_controller -> /home/vboxuser/ros2_ws/install/my_robot_controller/share/ament_index/resource_index/packages
[2.069s] copying package.xml -> /home/vboxuser/ros2_ws/install/my_robot_controller/share/my_robot_controller
[2.070s] running install_egg_info
[2.085s] removing '/home/vboxuser/ros2_ws/install/my_robot_controller/lib/python3.10/site-packages/my_robot_controller-0.0.0-py3.10.egg-info' (and everything under it)
[2.085s] Copying ../../build/my_robot_controller/my_robot_controller.egg-info to /home/vboxuser/ros2_ws/install/my_robot_controller/lib/python3.10/site-packages/my_robot_controller-0.0.0-py3.10.egg-info
[2.092s] running install_scripts
[2.202s] Installing test_node script to /home/vboxuser/ros2_ws/install/my_robot_controller/lib/my_robot_controller
[2.202s] writing list of installed files to '/home/vboxuser/ros2_ws/build/my_robot_controller/install.log'
[2.235s] Invoked command in '/home/vboxuser/ros2_ws/src/my_robot_controller' returned '0': PYTHONPATH=/home/vboxuser/ros2_ws/build/my_robot_controller/prefix_override:/home/vboxuser/.local/lib/python3.10/site-packages/colcon_core/task/python/colcon_distutils_commands:/home/vboxuser/ros2_ws/install/my_robot_controller/lib/python3.10/site-packages:${PYTHONPATH} /usr/bin/python3 -W ignore:setup.py install is deprecated setup.py egg_info --egg-base ../../build/my_robot_controller build --build-base /home/vboxuser/ros2_ws/build/my_robot_controller/build install --record /home/vboxuser/ros2_ws/build/my_robot_controller/install.log --single-version-externally-managed install_data
